<?xml version="1.0" encoding="UTF-8"?>
<testsuite xmlns:xsi="http://www.w3.org/2001/XMLSchema-instance" xsi:noNamespaceSchemaLocation="https://maven.apache.org/surefire/maven-surefire-plugin/xsd/surefire-test-report-3.0.xsd" version="3.0" name="com.ocado.basket.BasketSplitterTest" time="0.189" tests="6" errors="0" skipped="0" failures="0">
  <properties>
[...]
</properties>
  <testcase name="twoItemsOneCategoryIsTheSameTest" classname="com.ocado.basket.BasketSplitterTest" time="0.125"/>
  <testcase name="oneItemBasketTest" classname="com.ocado.basket.BasketSplitterTest" time="0.003"/>
  <testcase name="itemNotFoundInConfigTest" classname="com.ocado.basket.BasketSplitterTest" time="0.003"/>
  <testcase name="splittingTest" classname="com.ocado.basket.BasketSplitterTest" time="0.003"/>
  <testcase name="twoItemsDifferentCategoryBasketTest" classname="com.ocado.basket.BasketSplitterTest" time="0.003"/>
  <testcase name="emptyBasketTest" classname="com.ocado.basket.BasketSplitterTest" time="0.003"/>
</testsuite>